<?xml version="1.0" encoding="UTF-8"?>
<!-- Generated by org.testng.reporters.JUnitXMLReporter -->
<testsuite hostname="DESKTOP-KERRSTN" ignored="3" name="Test" tests="2" failures="0" timestamp="2019-10-04T23:36:16 PDT" time="0.021" errors="0">
  <testcase name="test1" time="0.005" classname="sampleTests.GroupingExample"/>
  <testcase name="test2" time="0.002" classname="sampleTests.GroupingExample"/>
  <testcase name="test5" time="0.0" classname="sampleTests.GroupingExample">
    <ignored/>
  </testcase> <!-- test5 -->
  <testcase name="test4" time="0.0" classname="sampleTests.GroupingExample">
    <ignored/>
  </testcase> <!-- test4 -->
  <testcase name="test3" time="0.0" classname="sampleTests.GroupingExample">
    <ignored/>
  </testcase> <!-- test3 -->
</testsuite> <!-- Test -->
