<?xml version="1.0" encoding="UTF-8"?>
<!-- Generated by org.testng.reporters.JUnitXMLReporter -->
<testsuite hostname="DESKTOP-KERRSTN" ignored="0" name="Default test" tests="6" failures="0" timestamp="20 Apr 2019 00:04:44 GMT" time="36.681" errors="0">
  <testcase name="loginWithBlank" time="2.718" classname="com.apex.test.samples.EcoomerceUserLogin"/>
  <testcase name="loginWithBlankPassword" time="5.453" classname="com.apex.test.samples.EcoomerceUserLogin"/>
  <testcase name="loginWithBlankUserId" time="2.576" classname="com.apex.test.samples.EcoomerceUserLogin"/>
  <testcase name="loginWithInvalidCredentials" time="2.587" classname="com.apex.test.samples.EcoomerceUserLogin"/>
  <testcase name="loginWithInvalidEmail" time="2.185" classname="com.apex.test.samples.EcoomerceUserLogin"/>
  <testcase name="loginWithValidCredentials" time="2.786" classname="com.apex.test.samples.EcoomerceUserLogin"/>
</testsuite> <!-- Default test -->
