<?xml version="1.0" encoding="UTF-8"?>
<testng-results skipped="0" failed="0" total="1" passed="1">
  <reporter-output>
  </reporter-output>
  <suite name="Default suite" duration-ms="1945" started-at="2019-05-04T00:35:10Z" finished-at="2019-05-04T00:35:12Z">
    <groups>
    </groups>
    <test name="Default test" duration-ms="1945" started-at="2019-05-04T00:35:10Z" finished-at="2019-05-04T00:35:12Z">
      <class name="com.apex.eom.webservices.tests.CustomerDataPOST_TestNG">
        <test-method status="PASS" signature="customerSuccessPOST()[pri:0, instance:com.apex.eom.webservices.tests.CustomerDataPOST_TestNG@f4468b]" name="customerSuccessPOST" duration-ms="1925" started-at="2019-05-03T17:35:10Z" finished-at="2019-05-03T17:35:12Z">
          <reporter-output>
          </reporter-output>
        </test-method> <!-- customerSuccessPOST -->
      </class> <!-- com.apex.eom.webservices.tests.CustomerDataPOST_TestNG -->
    </test> <!-- Default test -->
  </suite> <!-- Default suite -->
</testng-results>
