<?xml version="1.0" encoding="UTF-8"?>
<testng-results skipped="0" failed="0" ignored="0" total="1" passed="1">
  <reporter-output>
  </reporter-output>
  <suite name="Default suite" duration-ms="18818" started-at="2019-04-16T06:55:33Z" finished-at="2019-04-16T06:55:52Z">
    <groups>
    </groups>
    <test name="Default test" duration-ms="18818" started-at="2019-04-16T06:55:33Z" finished-at="2019-04-16T06:55:52Z">
      <class name="com.inetbanking.testcases.TC_LoginTest_001">
        <test-method status="PASS" signature="setUp()[pri:0, instance:com.inetbanking.testcases.TC_LoginTest_001@7cd62f43]" name="setUp" is-config="true" duration-ms="7665" started-at="2019-04-16T06:55:33Z" finished-at="2019-04-16T06:55:41Z">
          <reporter-output>
          </reporter-output>
        </test-method> <!-- setUp -->
        <test-method status="PASS" signature="loginTest()[pri:0, instance:com.inetbanking.testcases.TC_LoginTest_001@7cd62f43]" name="loginTest" duration-ms="10873" started-at="2019-04-16T06:55:41Z" finished-at="2019-04-16T06:55:52Z">
          <reporter-output>
          </reporter-output>
        </test-method> <!-- loginTest -->
        <test-method status="PASS" signature="tearDown()[pri:0, instance:com.inetbanking.testcases.TC_LoginTest_001@7cd62f43]" name="tearDown" is-config="true" duration-ms="226" started-at="2019-04-16T06:55:52Z" finished-at="2019-04-16T06:55:52Z">
          <reporter-output>
          </reporter-output>
        </test-method> <!-- tearDown -->
      </class> <!-- com.inetbanking.testcases.TC_LoginTest_001 -->
    </test> <!-- Default test -->
  </suite> <!-- Default suite -->
</testng-results>
