<?xml version="1.0" encoding="UTF-8"?>
<testng-results skipped="0" failed="0" ignored="0" total="1" passed="1">
  <reporter-output>
  </reporter-output>
  <suite name="Default suite" duration-ms="157" started-at="2019-10-08T22:53:24 PDT" finished-at="2019-10-08T22:53:25 PDT">
    <groups>
    </groups>
    <test name="Default test" duration-ms="157" started-at="2019-10-08T22:53:24 PDT" finished-at="2019-10-08T22:53:25 PDT">
      <class name="testnglistener.TestngListener">
        <test-method status="PASS" signature="testngListnerMethod()[pri:0, instance:testnglistener.TestngListener@6737fd8f]" name="testngListnerMethod" duration-ms="22" started-at="2019-10-08T22:53:25 PDT" finished-at="2019-10-08T22:53:25 PDT">
          <reporter-output>
          </reporter-output>
        </test-method> <!-- testngListnerMethod -->
      </class> <!-- testnglistener.TestngListener -->
    </test> <!-- Default test -->
  </suite> <!-- Default suite -->
</testng-results>
